--------------------------------------------------------------------------------
Release 14.7 Trace  (nt64)
Copyright (c) 1995-2013 Xilinx, Inc.  All rights reserved.

C:\Xilinx\14.7\ISE_DS\ISE\bin\nt64\unwrapped\trce.exe -intstyle ise -v 3 -s 4
-n 3 -fastpaths -xml RBank.twx RBank.ncd -o RBank.twr RBank.pcf -ucf RBank.ucf

Design file:              RBank.ncd
Physical constraint file: RBank.pcf
Device,package,speed:     xc3s100e,cp132,-4 (PRODUCTION 1.27 2013-10-13)
Report level:             verbose report

Environment Variable      Effect 
--------------------      ------ 
NONE                      No environment variables were set
--------------------------------------------------------------------------------

INFO:Timing:2698 - No timing constraints found, doing default enumeration.
INFO:Timing:3412 - To improve timing, see the Timing Closure User Guide (UG612).
INFO:Timing:2752 - To get complete path coverage, use the unconstrained paths 
   option. All paths that are not constrained will be reported in the 
   unconstrained paths section(s) of the report.
INFO:Timing:3339 - The clock-to-out numbers in this timing report are based on 
   a 50 Ohm transmission line loading model.  For the details of this model, 
   and for more information on accounting for different loading conditions, 
   please see the device datasheet.
INFO:Timing:3390 - This architecture does not support a default System Jitter 
   value, please add SYSTEM_JITTER constraint to the UCF to modify the Clock 
   Uncertainty calculation.
INFO:Timing:3389 - This architecture does not support 'Discrete Jitter' and 
   'Phase Error' calculations, these terms will be zero in the Clock 
   Uncertainty calculation.  Please make appropriate modification to 
   SYSTEM_JITTER to account for the unsupported Discrete Jitter and Phase 
   Error.



Data Sheet report:
-----------------
All values displayed in nanoseconds (ns)

Setup/Hold to clock ck
------------+------------+------------+------------------+--------+
            |Max Setup to|Max Hold to |                  | Clock  |
Source      | clk (edge) | clk (edge) |Internal Clock(s) | Phase  |
------------+------------+------------+------------------+--------+
b1          |    4.036(R)|   -0.950(R)|ck_BUFGP          |   0.000|
b2          |    4.090(R)|   -0.682(R)|ck_BUFGP          |   0.000|
b3          |    4.583(R)|   -0.256(R)|ck_BUFGP          |   0.000|
b4          |    4.455(R)|   -0.198(R)|ck_BUFGP          |   0.000|
en          |    4.643(R)|   -0.192(R)|ck_BUFGP          |   0.000|
sw<0>       |    0.987(R)|    0.974(R)|ck_BUFGP          |   0.000|
sw<1>       |    2.247(R)|    0.786(R)|ck_BUFGP          |   0.000|
------------+------------+------------+------------------+--------+

Clock ck to Pad
------------+------------+------------------+--------+
            | clk (edge) |                  | Clock  |
Destination |   to PAD   |Internal Clock(s) | Phase  |
------------+------------+------------------+--------+
anod<0>     |    6.021(R)|ck_BUFGP          |   0.000|
anod<1>     |    6.033(R)|ck_BUFGP          |   0.000|
anod<2>     |    6.021(R)|ck_BUFGP          |   0.000|
anod<3>     |    6.025(R)|ck_BUFGP          |   0.000|
led<0>      |    6.053(R)|ck_BUFGP          |   0.000|
led<1>      |    6.034(R)|ck_BUFGP          |   0.000|
led<2>      |    6.051(R)|ck_BUFGP          |   0.000|
led<3>      |    6.051(R)|ck_BUFGP          |   0.000|
led<4>      |    6.053(R)|ck_BUFGP          |   0.000|
led<5>      |    6.038(R)|ck_BUFGP          |   0.000|
led<6>      |    6.051(R)|ck_BUFGP          |   0.000|
led<7>      |    6.023(R)|ck_BUFGP          |   0.000|
------------+------------+------------------+--------+

Pad to Pad
---------------+---------------+---------+
Source Pad     |Destination Pad|  Delay  |
---------------+---------------+---------+
sw<0>          |cath<3>        |    6.798|
sw<0>          |cath<5>        |    5.471|
sw<0>          |cath<6>        |    7.184|
sw<1>          |cath<1>        |    6.815|
sw<1>          |cath<3>        |    7.617|
sw<1>          |cath<4>        |    6.804|
sw<1>          |cath<6>        |    7.963|
sw<1>          |cath<7>        |    6.783|
---------------+---------------+---------+


Analysis completed Tue Sep 30 11:05:37 2014 
--------------------------------------------------------------------------------

Trace Settings:
-------------------------
Trace Settings 

Peak Memory Usage: 149 MB



