Release 14.7 - xst P.20131013 (nt64)
Copyright (c) 1995-2013 Xilinx, Inc.  All rights reserved.
--> Parameter TMPDIR set to xst/projnav.tmp


Total REAL time to Xst completion: 0.00 secs
Total CPU time to Xst completion: 0.07 secs
 
--> Parameter xsthdpdir set to xst


Total REAL time to Xst completion: 0.00 secs
Total CPU time to Xst completion: 0.07 secs
 
--> Reading design: reg_v3.prj

TABLE OF CONTENTS
  1) Synthesis Options Summary
  2) HDL Compilation
  3) Design Hierarchy Analysis
  4) HDL Analysis
  5) HDL Synthesis
     5.1) HDL Synthesis Report
  6) Advanced HDL Synthesis
     6.1) Advanced HDL Synthesis Report
  7) Low Level Synthesis
  8) Partition Report
  9) Final Report
	9.1) Device utilization summary
	9.2) Partition Resource Summary
	9.3) TIMING REPORT


=========================================================================
*                      Synthesis Options Summary                        *
=========================================================================
---- Source Parameters
Input File Name                    : "reg_v3.prj"
Input Format                       : mixed
Ignore Synthesis Constraint File   : NO

---- Target Parameters
Output File Name                   : "reg_v3"
Output Format                      : NGC
Target Device                      : xc3s100e-4-cp132

---- Source Options
Top Module Name                    : reg_v3
Automatic FSM Extraction           : YES
FSM Encoding Algorithm             : Auto
Safe Implementation                : No
FSM Style                          : LUT
RAM Extraction                     : Yes
RAM Style                          : Auto
ROM Extraction                     : Yes
Mux Style                          : Auto
Decoder Extraction                 : YES
Priority Encoder Extraction        : Yes
Shift Register Extraction          : YES
Logical Shifter Extraction         : YES
XOR Collapsing                     : YES
ROM Style                          : Auto
Mux Extraction                     : Yes
Resource Sharing                   : YES
Asynchronous To Synchronous        : NO
Multiplier Style                   : Auto
Automatic Register Balancing       : No

---- Target Options
Add IO Buffers                     : YES
Global Maximum Fanout              : 100000
Add Generic Clock Buffer(BUFG)     : 24
Register Duplication               : YES
Slice Packing                      : YES
Optimize Instantiated Primitives   : NO
Use Clock Enable                   : Yes
Use Synchronous Set                : Yes
Use Synchronous Reset              : Yes
Pack IO Registers into IOBs        : Auto
Equivalent register Removal        : YES

---- General Options
Optimization Goal                  : Speed
Optimization Effort                : 1
Keep Hierarchy                     : No
Netlist Hierarchy                  : As_Optimized
RTL Output                         : Yes
Global Optimization                : AllClockNets
Read Cores                         : YES
Write Timing Constraints           : NO
Cross Clock Analysis               : NO
Hierarchy Separator                : /
Bus Delimiter                      : <>
Case Specifier                     : Maintain
Slice Utilization Ratio            : 100
BRAM Utilization Ratio             : 100
Verilog 2001                       : YES
Auto BRAM Packing                  : NO
Slice Utilization Ratio Delta      : 5

=========================================================================


=========================================================================
*                          HDL Compilation                              *
=========================================================================
Compiling vhdl file "C:/Users/msp72/GitHub/ECEC-302-Projects/xilinx_projects/RegisterBankStage3/RBankS1.vhd" in Library work.
Entity <reg_v3> compiled.
Entity <reg_v3> (Architecture <beh>) compiled.

=========================================================================
*                     Design Hierarchy Analysis                         *
=========================================================================
Analyzing hierarchy for entity <reg_v3> in library <work> (architecture <beh>).


=========================================================================
*                            HDL Analysis                               *
=========================================================================
Analyzing Entity <reg_v3> in library <work> (Architecture <beh>).
WARNING:Xst:819 - "C:/Users/msp72/GitHub/ECEC-302-Projects/xilinx_projects/RegisterBankStage3/RBankS1.vhd" line 19: One or more signals are missing in the process sensitivity list. To enable synthesis of FPGA/CPLD hardware, XST will assume that all necessary signals are present in the sensitivity list. Please note that the result of the synthesis may differ from the initial design specification. The missing signals are:
   <SW>
Entity <reg_v3> analyzed. Unit <reg_v3> generated.


=========================================================================
*                           HDL Synthesis                               *
=========================================================================

Performing bidirectional port resolution...

Synthesizing Unit <reg_v3>.
    Related source file is "C:/Users/msp72/GitHub/ECEC-302-Projects/xilinx_projects/RegisterBankStage3/RBankS1.vhd".
    Found finite state machine <FSM_0> for signal <n_s>.
    -----------------------------------------------------------------------
    | States             | 4                                              |
    | Transitions        | 4                                              |
    | Inputs             | 0                                              |
    | Outputs            | 8                                              |
    | Clock              | CK_div                    (rising_edge)        |
    | Power Up State     | s0                                             |
    | Encoding           | automatic                                      |
    | Implementation     | LUT                                            |
    -----------------------------------------------------------------------
INFO:Xst:2117 - HDL ADVISOR - Mux Selector <sw_sel> of Case statement line 22 was re-encoded using one-hot encoding. The case statement will be optimized (default statement optimization), but this optimization may lead to design initialization problems. To ensure the design works safely, you can:
   	- add an 'INIT' attribute on signal <sw_sel> (optimization is then done without any risk)
   	- use the attribute 'signal_encoding user' to avoid onehot optimization
   	- use the attribute 'safe_implementation yes' to force XST to perform a safe (but less efficient) optimization
    Using one-hot encoding for signal <sw_sel>.
    Found 4x8-bit ROM for signal <z>.
    Found 4-bit register for signal <Disp_en>.
    Found 1-bit register for signal <CK_div>.
    Found 32-bit up counter for signal <count>.
    Found 4-bit register for signal <sw_sel>.
    Summary:
	inferred   1 Finite State Machine(s).
	inferred   1 ROM(s).
	inferred   1 Counter(s).
	inferred   9 D-type flip-flop(s).
Unit <reg_v3> synthesized.


=========================================================================
HDL Synthesis Report

Macro Statistics
# ROMs                                                 : 1
 4x8-bit ROM                                           : 1
# Counters                                             : 1
 32-bit up counter                                     : 1
# Registers                                            : 3
 1-bit register                                        : 1
 4-bit register                                        : 2

=========================================================================

=========================================================================
*                       Advanced HDL Synthesis                          *
=========================================================================

Analyzing FSM <FSM_0> for best encoding.
Optimizing FSM <n_s/FSM> on signal <n_s[1:4]> with one-hot encoding.
-------------------
 State | Encoding
-------------------
 s0    | 0001
 s1    | 0010
 s2    | 0100
 s3    | 1000
-------------------

=========================================================================
Advanced HDL Synthesis Report

Macro Statistics
# FSMs                                                 : 1
# ROMs                                                 : 1
 4x8-bit ROM                                           : 1
# Counters                                             : 1
 32-bit up counter                                     : 1
# Registers                                            : 9
 Flip-Flops                                            : 9

=========================================================================

=========================================================================
*                         Low Level Synthesis                           *
=========================================================================
INFO:Xst:2261 - The FF/Latch <n_s_FSM_FFd3> in Unit <reg_v3> is equivalent to the following FF/Latch, which will be removed : <sw_sel_0> 
INFO:Xst:2261 - The FF/Latch <n_s_FSM_FFd2> in Unit <reg_v3> is equivalent to the following FF/Latch, which will be removed : <sw_sel_1> 
INFO:Xst:2261 - The FF/Latch <n_s_FSM_FFd1> in Unit <reg_v3> is equivalent to the following FF/Latch, which will be removed : <sw_sel_2> 
INFO:Xst:2261 - The FF/Latch <n_s_FSM_FFd4> in Unit <reg_v3> is equivalent to the following FF/Latch, which will be removed : <sw_sel_3> 

Optimizing unit <reg_v3> ...

Mapping all equations...
Building and optimizing final netlist ...
Found area constraint ratio of 100 (+ 5) on block reg_v3, actual ratio is 3.

Final Macro Processing ...

=========================================================================
Final Register Report

Macro Statistics
# Registers                                            : 41
 Flip-Flops                                            : 41

=========================================================================

=========================================================================
*                           Partition Report                            *
=========================================================================

Partition Implementation Status
-------------------------------

  No Partitions were found in this design.

-------------------------------

=========================================================================
*                            Final Report                               *
=========================================================================
Final Results
RTL Top Level Output File Name     : reg_v3.ngr
Top Level Output File Name         : reg_v3
Output Format                      : NGC
Optimization Goal                  : Speed
Keep Hierarchy                     : No

Design Statistics
# IOs                              : 22

Cell Usage :
# BELS                             : 124
#      GND                         : 1
#      INV                         : 2
#      LUT1                        : 31
#      LUT2                        : 3
#      LUT4                        : 15
#      MUXCY                       : 39
#      VCC                         : 1
#      XORCY                       : 32
# FlipFlops/Latches                : 41
#      FD                          : 4
#      FDR                         : 36
#      FDRE                        : 1
# Clock Buffers                    : 1
#      BUFGP                       : 1
# IO Buffers                       : 21
#      IBUF                        : 9
#      OBUF                        : 12
=========================================================================

Device utilization summary:
---------------------------

Selected Device : 3s100ecp132-4 

 Number of Slices:                       30  out of    960     3%  
 Number of Slice Flip Flops:             41  out of   1920     2%  
 Number of 4 input LUTs:                 51  out of   1920     2%  
 Number of IOs:                          22
 Number of bonded IOBs:                  22  out of     83    26%  
 Number of GCLKs:                         1  out of     24     4%  

---------------------------
Partition Resource Summary:
---------------------------

  No Partitions were found in this design.

---------------------------


=========================================================================
TIMING REPORT

NOTE: THESE TIMING NUMBERS ARE ONLY A SYNTHESIS ESTIMATE.
      FOR ACCURATE TIMING INFORMATION PLEASE REFER TO THE TRACE REPORT
      GENERATED AFTER PLACE-and-ROUTE.

Clock Information:
------------------
-----------------------------------+------------------------+-------+
Clock Signal                       | Clock buffer(FF name)  | Load  |
-----------------------------------+------------------------+-------+
ck                                 | BUFGP                  | 33    |
CK_div                             | NONE(n_s_FSM_FFd4)     | 8     |
-----------------------------------+------------------------+-------+
INFO:Xst:2169 - HDL ADVISOR - Some clock signals were not automatically buffered by XST with BUFG/BUFR resources. Please use the buffer_type constraint in order to insert these buffers to the clock signals to help prevent skew problems.

Asynchronous Control Signals Information:
----------------------------------------
No asynchronous control signals found in this design

Timing Summary:
---------------
Speed Grade: -4

   Minimum period: 6.469ns (Maximum Frequency: 154.578MHz)
   Minimum input arrival time before clock: 4.717ns
   Maximum output required time after clock: 7.242ns
   Maximum combinational path delay: 7.606ns

Timing Detail:
--------------
All values displayed in nanoseconds (ns)

=========================================================================
Timing constraint: Default period analysis for Clock 'ck'
  Clock period: 6.469ns (frequency: 154.578MHz)
  Total number of paths / destination ports: 1585 / 66
-------------------------------------------------------------------------
Delay:               6.469ns (Levels of Logic = 10)
  Source:            count_8 (FF)
  Destination:       count_0 (FF)
  Source Clock:      ck rising
  Destination Clock: ck rising

  Data Path: count_8 to count_0
                                Gate     Net
    Cell:in->out      fanout   Delay   Delay  Logical Name (Net Name)
    ----------------------------------------  ------------
     FDR:C->Q              2   0.591   0.622  count_8 (count_8)
     LUT4:I0->O            1   0.704   0.000  CK_div_cmp_eq0000_wg_lut<0> (CK_div_cmp_eq0000_wg_lut<0>)
     MUXCY:S->O            1   0.464   0.000  CK_div_cmp_eq0000_wg_cy<0> (CK_div_cmp_eq0000_wg_cy<0>)
     MUXCY:CI->O           1   0.059   0.000  CK_div_cmp_eq0000_wg_cy<1> (CK_div_cmp_eq0000_wg_cy<1>)
     MUXCY:CI->O           1   0.059   0.000  CK_div_cmp_eq0000_wg_cy<2> (CK_div_cmp_eq0000_wg_cy<2>)
     MUXCY:CI->O           1   0.059   0.000  CK_div_cmp_eq0000_wg_cy<3> (CK_div_cmp_eq0000_wg_cy<3>)
     MUXCY:CI->O           1   0.059   0.000  CK_div_cmp_eq0000_wg_cy<4> (CK_div_cmp_eq0000_wg_cy<4>)
     MUXCY:CI->O           1   0.059   0.000  CK_div_cmp_eq0000_wg_cy<5> (CK_div_cmp_eq0000_wg_cy<5>)
     MUXCY:CI->O           1   0.059   0.000  CK_div_cmp_eq0000_wg_cy<6> (CK_div_cmp_eq0000_wg_cy<6>)
     MUXCY:CI->O           2   0.331   0.526  CK_div_cmp_eq0000_wg_cy<7> (CK_div_cmp_eq0000)
     LUT2:I1->O           32   0.704   1.262  count_or00001 (count_or0000)
     FDR:R                     0.911          count_0
    ----------------------------------------
    Total                      6.469ns (4.059ns logic, 2.410ns route)
                                       (62.7% logic, 37.3% route)

=========================================================================
Timing constraint: Default period analysis for Clock 'CK_div'
  Clock period: 2.089ns (frequency: 478.698MHz)
  Total number of paths / destination ports: 8 / 8
-------------------------------------------------------------------------
Delay:               2.089ns (Levels of Logic = 0)
  Source:            n_s_FSM_FFd1 (FF)
  Destination:       Disp_en_0 (FF)
  Source Clock:      CK_div rising
  Destination Clock: CK_div rising

  Data Path: n_s_FSM_FFd1 to Disp_en_0
                                Gate     Net
    Cell:in->out      fanout   Delay   Delay  Logical Name (Net Name)
    ----------------------------------------  ------------
     FD:C->Q               4   0.591   0.587  n_s_FSM_FFd1 (n_s_FSM_FFd1)
     FDR:R                     0.911          Disp_en_0
    ----------------------------------------
    Total                      2.089ns (1.502ns logic, 0.587ns route)
                                       (71.9% logic, 28.1% route)

=========================================================================
Timing constraint: Default OFFSET IN BEFORE for Clock 'ck'
  Total number of paths / destination ports: 33 / 33
-------------------------------------------------------------------------
Offset:              4.717ns (Levels of Logic = 2)
  Source:            reset (PAD)
  Destination:       count_0 (FF)
  Destination Clock: ck rising

  Data Path: reset to count_0
                                Gate     Net
    Cell:in->out      fanout   Delay   Delay  Logical Name (Net Name)
    ----------------------------------------  ------------
     IBUF:I->O             2   1.218   0.622  reset_IBUF (reset_IBUF)
     LUT2:I0->O           32   0.704   1.262  count_or00001 (count_or0000)
     FDR:R                     0.911          count_0
    ----------------------------------------
    Total                      4.717ns (2.833ns logic, 1.884ns route)
                                       (60.1% logic, 39.9% route)

=========================================================================
Timing constraint: Default OFFSET OUT AFTER for Clock 'CK_div'
  Total number of paths / destination ports: 44 / 10
-------------------------------------------------------------------------
Offset:              7.242ns (Levels of Logic = 3)
  Source:            n_s_FSM_FFd1 (FF)
  Destination:       z<7> (PAD)
  Source Clock:      CK_div rising

  Data Path: n_s_FSM_FFd1 to z<7>
                                Gate     Net
    Cell:in->out      fanout   Delay   Delay  Logical Name (Net Name)
    ----------------------------------------  ------------
     FD:C->Q               4   0.591   0.762  n_s_FSM_FFd1 (n_s_FSM_FFd1)
     LUT4:I0->O            4   0.704   0.762  temp_mux0000<0>4 (temp_mux0000<0>4)
     LUT4:I0->O            2   0.704   0.447  z<7>1 (z_7_OBUF)
     OBUF:I->O                 3.272          z_7_OBUF (z<7>)
    ----------------------------------------
    Total                      7.242ns (5.271ns logic, 1.971ns route)
                                       (72.8% logic, 27.2% route)

=========================================================================
Timing constraint: Default path analysis
  Total number of paths / destination ports: 40 / 6
-------------------------------------------------------------------------
Delay:               7.606ns (Levels of Logic = 4)
  Source:            SW<2> (PAD)
  Destination:       z<7> (PAD)

  Data Path: SW<2> to z<7>
                                Gate     Net
    Cell:in->out      fanout   Delay   Delay  Logical Name (Net Name)
    ----------------------------------------  ------------
     IBUF:I->O             1   1.218   0.499  SW_2_IBUF (SW_2_IBUF)
     LUT4:I1->O            4   0.704   0.762  temp_mux0000<0>4 (temp_mux0000<0>4)
     LUT4:I0->O            2   0.704   0.447  z<7>1 (z_7_OBUF)
     OBUF:I->O                 3.272          z_7_OBUF (z<7>)
    ----------------------------------------
    Total                      7.606ns (5.898ns logic, 1.708ns route)
                                       (77.5% logic, 22.5% route)

=========================================================================


Total REAL time to Xst completion: 4.00 secs
Total CPU time to Xst completion: 3.92 secs
 
--> 

Total memory usage is 258556 kilobytes

Number of errors   :    0 (   0 filtered)
Number of warnings :    1 (   0 filtered)
Number of infos    :    6 (   0 filtered)

