--------------------------------------------------------------------------------
Release 14.7 Trace  (nt64)
Copyright (c) 1995-2013 Xilinx, Inc.  All rights reserved.

C:\Xilinx\14.7\ISE_DS\ISE\bin\nt64\unwrapped\trce.exe -intstyle ise -v 3 -s 4
-n 3 -fastpaths -xml decoder.twx decoder.ncd -o decoder.twr decoder.pcf -ucf
decoder.ucf

Design file:              decoder.ncd
Physical constraint file: decoder.pcf
Device,package,speed:     xc3s100e,cp132,-4 (PRODUCTION 1.27 2013-10-13)
Report level:             verbose report

Environment Variable      Effect 
--------------------      ------ 
NONE                      No environment variables were set
--------------------------------------------------------------------------------

INFO:Timing:2698 - No timing constraints found, doing default enumeration.
INFO:Timing:3412 - To improve timing, see the Timing Closure User Guide (UG612).
INFO:Timing:2752 - To get complete path coverage, use the unconstrained paths 
   option. All paths that are not constrained will be reported in the 
   unconstrained paths section(s) of the report.
INFO:Timing:3339 - The clock-to-out numbers in this timing report are based on 
   a 50 Ohm transmission line loading model.  For the details of this model, 
   and for more information on accounting for different loading conditions, 
   please see the device datasheet.
INFO:Timing:3390 - This architecture does not support a default System Jitter 
   value, please add SYSTEM_JITTER constraint to the UCF to modify the Clock 
   Uncertainty calculation.
INFO:Timing:3389 - This architecture does not support 'Discrete Jitter' and 
   'Phase Error' calculations, these terms will be zero in the Clock 
   Uncertainty calculation.  Please make appropriate modification to 
   SYSTEM_JITTER to account for the unsupported Discrete Jitter and Phase 
   Error.



Data Sheet report:
-----------------
All values displayed in nanoseconds (ns)

Pad to Pad
---------------+---------------+---------+
Source Pad     |Destination Pad|  Delay  |
---------------+---------------+---------+
en             |z<0>           |    6.508|
en             |z<1>           |    7.071|
en             |z<2>           |    7.366|
en             |z<3>           |    7.363|
en             |z<4>           |    6.417|
en             |z<5>           |    6.115|
en             |z<6>           |    6.339|
en             |z<7>           |    7.886|
x<0>           |z<0>           |    7.158|
x<0>           |z<1>           |    7.756|
x<0>           |z<2>           |    7.279|
x<0>           |z<3>           |    7.245|
x<0>           |z<4>           |    7.180|
x<0>           |z<5>           |    6.853|
x<0>           |z<6>           |    7.456|
x<0>           |z<7>           |    8.577|
x<1>           |z<0>           |    6.907|
x<1>           |z<1>           |    7.445|
x<1>           |z<2>           |    7.484|
x<1>           |z<3>           |    7.443|
x<1>           |z<4>           |    7.100|
x<1>           |z<5>           |    6.833|
x<1>           |z<6>           |    6.922|
x<1>           |z<7>           |    7.956|
x<2>           |z<0>           |    6.823|
x<2>           |z<1>           |    7.426|
x<2>           |z<2>           |    7.345|
x<2>           |z<3>           |    7.369|
x<2>           |z<4>           |    7.427|
x<2>           |z<5>           |    7.165|
x<2>           |z<6>           |    7.431|
x<2>           |z<7>           |    8.505|
---------------+---------------+---------+


Analysis completed Tue Sep 23 10:01:15 2014 
--------------------------------------------------------------------------------

Trace Settings:
-------------------------
Trace Settings 

Peak Memory Usage: 149 MB



